[INFO] [2016-08-23 16:06:44][org.springframework.web.context.ContextLoader]Root WebApplicationContext: initialization started
  [INFO] [2016-08-23 16:06:44][org.springframework.web.context.support.XmlWebApplicationContext]Refreshing Root WebApplicationContext: startup date [Tue Aug 23 16:06:44 GMT+08:00 2016]; root of context hierarchy
  [INFO] [2016-08-23 16:06:44][org.springframework.beans.factory.xml.XmlBeanDefinitionReader]Loading XML bean definitions from class path resource [spring-mybatis.xml]
  [INFO] [2016-08-23 16:06:45][org.springframework.beans.factory.config.PropertyPlaceholderConfigurer]Loading properties file from class path resource [jdbc.properties]
  [INFO] [2016-08-23 16:06:45][org.springframework.beans.factory.annotation.AutowiredAnnotationBeanPostProcessor]JSR-330 'javax.inject.Inject' annotation found and supported for autowiring
  [INFO] [2016-08-23 16:06:46][org.springframework.web.context.ContextLoader]Root WebApplicationContext: initialization completed in 1717 ms
  [INFO] [2016-08-23 16:06:46][org.springframework.web.servlet.DispatcherServlet]FrameworkServlet 'springServlet': initialization started
  [INFO] [2016-08-23 16:06:46][org.springframework.web.context.support.XmlWebApplicationContext]Refreshing WebApplicationContext for namespace 'springServlet-servlet': startup date [Tue Aug 23 16:06:46 GMT+08:00 2016]; parent: Root WebApplicationContext
  [INFO] [2016-08-23 16:06:46][org.springframework.beans.factory.xml.XmlBeanDefinitionReader]Loading XML bean definitions from class path resource [spring-mvc.xml]
  [INFO] [2016-08-23 16:06:46][org.springframework.beans.factory.annotation.AutowiredAnnotationBeanPostProcessor]JSR-330 'javax.inject.Inject' annotation found and supported for autowiring
  [INFO] [2016-08-23 16:06:47][org.springframework.web.servlet.mvc.annotation.DefaultAnnotationHandlerMapping]Mapped URL path [/admin/common/checkUnique] onto handler 'commons'
  [INFO] [2016-08-23 16:06:47][org.springframework.web.servlet.mvc.annotation.DefaultAnnotationHandlerMapping]Mapped URL path [/admin/common/checkUnique.*] onto handler 'commons'
  [INFO] [2016-08-23 16:06:47][org.springframework.web.servlet.mvc.annotation.DefaultAnnotationHandlerMapping]Mapped URL path [/admin/common/checkUnique/] onto handler 'commons'
  [INFO] [2016-08-23 16:06:47][org.springframework.web.servlet.mvc.annotation.DefaultAnnotationHandlerMapping]Mapped URL path [/admin/ireport/show] onto handler 'ireport'
  [INFO] [2016-08-23 16:06:47][org.springframework.web.servlet.mvc.annotation.DefaultAnnotationHandlerMapping]Mapped URL path [/admin/ireport/show.*] onto handler 'ireport'
  [INFO] [2016-08-23 16:06:47][org.springframework.web.servlet.mvc.annotation.DefaultAnnotationHandlerMapping]Mapped URL path [/admin/ireport/show/] onto handler 'ireport'
  [INFO] [2016-08-23 16:06:47][org.springframework.web.servlet.mvc.annotation.DefaultAnnotationHandlerMapping]Mapped URL path [/admin/loan/examineReasonUi] onto handler 'loanController'
  [INFO] [2016-08-23 16:06:47][org.springframework.web.servlet.mvc.annotation.DefaultAnnotationHandlerMapping]Mapped URL path [/admin/loan/examineReasonUi.*] onto handler 'loanController'
  [INFO] [2016-08-23 16:06:47][org.springframework.web.servlet.mvc.annotation.DefaultAnnotationHandlerMapping]Mapped URL path [/admin/loan/examineReasonUi/] onto handler 'loanController'
  [INFO] [2016-08-23 16:06:47][org.springframework.web.servlet.mvc.annotation.DefaultAnnotationHandlerMapping]Mapped URL path [/admin/loan/loanList] onto handler 'loanController'
  [INFO] [2016-08-23 16:06:47][org.springframework.web.servlet.mvc.annotation.DefaultAnnotationHandlerMapping]Mapped URL path [/admin/loan/loanList.*] onto handler 'loanController'
  [INFO] [2016-08-23 16:06:47][org.springframework.web.servlet.mvc.annotation.DefaultAnnotationHandlerMapping]Mapped URL path [/admin/loan/loanList/] onto handler 'loanController'
  [INFO] [2016-08-23 16:06:47][org.springframework.web.servlet.mvc.annotation.DefaultAnnotationHandlerMapping]Mapped URL path [/admin/loan/export] onto handler 'loanController'
  [INFO] [2016-08-23 16:06:47][org.springframework.web.servlet.mvc.annotation.DefaultAnnotationHandlerMapping]Mapped URL path [/admin/loan/export.*] onto handler 'loanController'
  [INFO] [2016-08-23 16:06:47][org.springframework.web.servlet.mvc.annotation.DefaultAnnotationHandlerMapping]Mapped URL path [/admin/loan/export/] onto handler 'loanController'
  [INFO] [2016-08-23 16:06:47][org.springframework.web.servlet.mvc.annotation.DefaultAnnotationHandlerMapping]Mapped URL path [/admin/loan/loanApply] onto handler 'loanController'
  [INFO] [2016-08-23 16:06:47][org.springframework.web.servlet.mvc.annotation.DefaultAnnotationHandlerMapping]Mapped URL path [/admin/loan/loanApply.*] onto handler 'loanController'
  [INFO] [2016-08-23 16:06:47][org.springframework.web.servlet.mvc.annotation.DefaultAnnotationHandlerMapping]Mapped URL path [/admin/loan/loanApply/] onto handler 'loanController'
  [INFO] [2016-08-23 16:06:47][org.springframework.web.servlet.mvc.annotation.DefaultAnnotationHandlerMapping]Mapped URL path [/logout] onto handler 'loginController'
  [INFO] [2016-08-23 16:06:47][org.springframework.web.servlet.mvc.annotation.DefaultAnnotationHandlerMapping]Mapped URL path [/logout.*] onto handler 'loginController'
  [INFO] [2016-08-23 16:06:47][org.springframework.web.servlet.mvc.annotation.DefaultAnnotationHandlerMapping]Mapped URL path [/logout/] onto handler 'loginController'
  [INFO] [2016-08-23 16:06:47][org.springframework.web.servlet.mvc.annotation.DefaultAnnotationHandlerMapping]Mapped URL path [/noPermission] onto handler 'loginController'
  [INFO] [2016-08-23 16:06:47][org.springframework.web.servlet.mvc.annotation.DefaultAnnotationHandlerMapping]Mapped URL path [/noPermission.*] onto handler 'loginController'
  [INFO] [2016-08-23 16:06:47][org.springframework.web.servlet.mvc.annotation.DefaultAnnotationHandlerMapping]Mapped URL path [/noPermission/] onto handler 'loginController'
  [INFO] [2016-08-23 16:06:47][org.springframework.web.servlet.mvc.annotation.DefaultAnnotationHandlerMapping]Mapped URL path [/login] onto handler 'loginController'
  [INFO] [2016-08-23 16:06:47][org.springframework.web.servlet.mvc.annotation.DefaultAnnotationHandlerMapping]Mapped URL path [/login.*] onto handler 'loginController'
  [INFO] [2016-08-23 16:06:47][org.springframework.web.servlet.mvc.annotation.DefaultAnnotationHandlerMapping]Mapped URL path [/login/] onto handler 'loginController'
  [INFO] [2016-08-23 16:06:47][org.springframework.web.servlet.mvc.annotation.DefaultAnnotationHandlerMapping]Mapped URL path [/doLogin] onto handler 'loginController'
  [INFO] [2016-08-23 16:06:47][org.springframework.web.servlet.mvc.annotation.DefaultAnnotationHandlerMapping]Mapped URL path [/doLogin.*] onto handler 'loginController'
  [INFO] [2016-08-23 16:06:47][org.springframework.web.servlet.mvc.annotation.DefaultAnnotationHandlerMapping]Mapped URL path [/doLogin/] onto handler 'loginController'
  [INFO] [2016-08-23 16:06:47][org.springframework.web.servlet.mvc.annotation.DefaultAnnotationHandlerMapping]Mapped URL path [/index] onto handler 'loginController'
  [INFO] [2016-08-23 16:06:47][org.springframework.web.servlet.mvc.annotation.DefaultAnnotationHandlerMapping]Mapped URL path [/index.*] onto handler 'loginController'
  [INFO] [2016-08-23 16:06:47][org.springframework.web.servlet.mvc.annotation.DefaultAnnotationHandlerMapping]Mapped URL path [/index/] onto handler 'loginController'
  [INFO] [2016-08-23 16:06:47][org.springframework.web.servlet.mvc.annotation.DefaultAnnotationHandlerMapping]Mapped URL path [/simpleLogin] onto handler 'loginController'
  [INFO] [2016-08-23 16:06:47][org.springframework.web.servlet.mvc.annotation.DefaultAnnotationHandlerMapping]Mapped URL path [/simpleLogin.*] onto handler 'loginController'
  [INFO] [2016-08-23 16:06:47][org.springframework.web.servlet.mvc.annotation.DefaultAnnotationHandlerMapping]Mapped URL path [/simpleLogin/] onto handler 'loginController'
  [INFO] [2016-08-23 16:06:47][org.springframework.web.servlet.mvc.annotation.DefaultAnnotationHandlerMapping]Mapped URL path [/toSimplelogin] onto handler 'loginController'
  [INFO] [2016-08-23 16:06:47][org.springframework.web.servlet.mvc.annotation.DefaultAnnotationHandlerMapping]Mapped URL path [/toSimplelogin.*] onto handler 'loginController'
  [INFO] [2016-08-23 16:06:47][org.springframework.web.servlet.mvc.annotation.DefaultAnnotationHandlerMapping]Mapped URL path [/toSimplelogin/] onto handler 'loginController'
  [INFO] [2016-08-23 16:06:47][org.springframework.web.servlet.mvc.annotation.DefaultAnnotationHandlerMapping]Mapped URL path [/admin/menu/getMenuTreeLookup] onto handler 'menu'
  [INFO] [2016-08-23 16:06:47][org.springframework.web.servlet.mvc.annotation.DefaultAnnotationHandlerMapping]Mapped URL path [/admin/menu/getMenuTreeLookup.*] onto handler 'menu'
  [INFO] [2016-08-23 16:06:47][org.springframework.web.servlet.mvc.annotation.DefaultAnnotationHandlerMapping]Mapped URL path [/admin/menu/getMenuTreeLookup/] onto handler 'menu'
  [INFO] [2016-08-23 16:06:47][org.springframework.web.servlet.mvc.annotation.DefaultAnnotationHandlerMapping]Mapped URL path [/admin/menu/findMenuList] onto handler 'menu'
  [INFO] [2016-08-23 16:06:47][org.springframework.web.servlet.mvc.annotation.DefaultAnnotationHandlerMapping]Mapped URL path [/admin/menu/findMenuList.*] onto handler 'menu'
  [INFO] [2016-08-23 16:06:47][org.springframework.web.servlet.mvc.annotation.DefaultAnnotationHandlerMapping]Mapped URL path [/admin/menu/findMenuList/] onto handler 'menu'
  [INFO] [2016-08-23 16:06:47][org.springframework.web.servlet.mvc.annotation.DefaultAnnotationHandlerMapping]Mapped URL path [/admin/menu/newMenu] onto handler 'menu'
  [INFO] [2016-08-23 16:06:47][org.springframework.web.servlet.mvc.annotation.DefaultAnnotationHandlerMapping]Mapped URL path [/admin/menu/newMenu.*] onto handler 'menu'
  [INFO] [2016-08-23 16:06:47][org.springframework.web.servlet.mvc.annotation.DefaultAnnotationHandlerMapping]Mapped URL path [/admin/menu/newMenu/] onto handler 'menu'
  [INFO] [2016-08-23 16:06:47][org.springframework.web.servlet.mvc.annotation.DefaultAnnotationHandlerMapping]Mapped URL path [/admin/menu/saveMenu] onto handler 'menu'
  [INFO] [2016-08-23 16:06:47][org.springframework.web.servlet.mvc.annotation.DefaultAnnotationHandlerMapping]Mapped URL path [/admin/menu/saveMenu.*] onto handler 'menu'
  [INFO] [2016-08-23 16:06:47][org.springframework.web.servlet.mvc.annotation.DefaultAnnotationHandlerMapping]Mapped URL path [/admin/menu/saveMenu/] onto handler 'menu'
  [INFO] [2016-08-23 16:06:47][org.springframework.web.servlet.mvc.annotation.DefaultAnnotationHandlerMapping]Mapped URL path [/admin/menu/editMenu] onto handler 'menu'
  [INFO] [2016-08-23 16:06:47][org.springframework.web.servlet.mvc.annotation.DefaultAnnotationHandlerMapping]Mapped URL path [/admin/menu/editMenu.*] onto handler 'menu'
  [INFO] [2016-08-23 16:06:47][org.springframework.web.servlet.mvc.annotation.DefaultAnnotationHandlerMapping]Mapped URL path [/admin/menu/editMenu/] onto handler 'menu'
  [INFO] [2016-08-23 16:06:47][org.springframework.web.servlet.mvc.annotation.DefaultAnnotationHandlerMapping]Mapped URL path [/admin/menu/modifyMenu] onto handler 'menu'
  [INFO] [2016-08-23 16:06:47][org.springframework.web.servlet.mvc.annotation.DefaultAnnotationHandlerMapping]Mapped URL path [/admin/menu/modifyMenu.*] onto handler 'menu'
  [INFO] [2016-08-23 16:06:47][org.springframework.web.servlet.mvc.annotation.DefaultAnnotationHandlerMapping]Mapped URL path [/admin/menu/modifyMenu/] onto handler 'menu'
  [INFO] [2016-08-23 16:06:47][org.springframework.web.servlet.mvc.annotation.DefaultAnnotationHandlerMapping]Mapped URL path [/admin/menu/removeMenu] onto handler 'menu'
  [INFO] [2016-08-23 16:06:47][org.springframework.web.servlet.mvc.annotation.DefaultAnnotationHandlerMapping]Mapped URL path [/admin/menu/removeMenu.*] onto handler 'menu'
  [INFO] [2016-08-23 16:06:47][org.springframework.web.servlet.mvc.annotation.DefaultAnnotationHandlerMapping]Mapped URL path [/admin/menu/removeMenu/] onto handler 'menu'
  [INFO] [2016-08-23 16:06:47][org.springframework.web.servlet.mvc.annotation.DefaultAnnotationHandlerMapping]Mapped URL path [/admin/role/removeRole] onto handler 'role'
  [INFO] [2016-08-23 16:06:47][org.springframework.web.servlet.mvc.annotation.DefaultAnnotationHandlerMapping]Mapped URL path [/admin/role/removeRole.*] onto handler 'role'
  [INFO] [2016-08-23 16:06:47][org.springframework.web.servlet.mvc.annotation.DefaultAnnotationHandlerMapping]Mapped URL path [/admin/role/removeRole/] onto handler 'role'
  [INFO] [2016-08-23 16:06:47][org.springframework.web.servlet.mvc.annotation.DefaultAnnotationHandlerMapping]Mapped URL path [/admin/role/checkUnique] onto handler 'role'
  [INFO] [2016-08-23 16:06:47][org.springframework.web.servlet.mvc.annotation.DefaultAnnotationHandlerMapping]Mapped URL path [/admin/role/checkUnique.*] onto handler 'role'
  [INFO] [2016-08-23 16:06:47][org.springframework.web.servlet.mvc.annotation.DefaultAnnotationHandlerMapping]Mapped URL path [/admin/role/checkUnique/] onto handler 'role'
  [INFO] [2016-08-23 16:06:47][org.springframework.web.servlet.mvc.annotation.DefaultAnnotationHandlerMapping]Mapped URL path [/admin/role/newRole] onto handler 'role'
  [INFO] [2016-08-23 16:06:47][org.springframework.web.servlet.mvc.annotation.DefaultAnnotationHandlerMapping]Mapped URL path [/admin/role/newRole.*] onto handler 'role'
  [INFO] [2016-08-23 16:06:47][org.springframework.web.servlet.mvc.annotation.DefaultAnnotationHandlerMapping]Mapped URL path [/admin/role/newRole/] onto handler 'role'
  [INFO] [2016-08-23 16:06:47][org.springframework.web.servlet.mvc.annotation.DefaultAnnotationHandlerMapping]Mapped URL path [/admin/role/findRoleList] onto handler 'role'
  [INFO] [2016-08-23 16:06:47][org.springframework.web.servlet.mvc.annotation.DefaultAnnotationHandlerMapping]Mapped URL path [/admin/role/findRoleList.*] onto handler 'role'
  [INFO] [2016-08-23 16:06:47][org.springframework.web.servlet.mvc.annotation.DefaultAnnotationHandlerMapping]Mapped URL path [/admin/role/findRoleList/] onto handler 'role'
  [INFO] [2016-08-23 16:06:47][org.springframework.web.servlet.mvc.annotation.DefaultAnnotationHandlerMapping]Mapped URL path [/admin/role/saveRole] onto handler 'role'
  [INFO] [2016-08-23 16:06:47][org.springframework.web.servlet.mvc.annotation.DefaultAnnotationHandlerMapping]Mapped URL path [/admin/role/saveRole.*] onto handler 'role'
  [INFO] [2016-08-23 16:06:47][org.springframework.web.servlet.mvc.annotation.DefaultAnnotationHandlerMapping]Mapped URL path [/admin/role/saveRole/] onto handler 'role'
  [INFO] [2016-08-23 16:06:47][org.springframework.web.servlet.mvc.annotation.DefaultAnnotationHandlerMapping]Mapped URL path [/admin/role/editRole] onto handler 'role'
  [INFO] [2016-08-23 16:06:47][org.springframework.web.servlet.mvc.annotation.DefaultAnnotationHandlerMapping]Mapped URL path [/admin/role/editRole.*] onto handler 'role'
  [INFO] [2016-08-23 16:06:47][org.springframework.web.servlet.mvc.annotation.DefaultAnnotationHandlerMapping]Mapped URL path [/admin/role/editRole/] onto handler 'role'
  [INFO] [2016-08-23 16:06:47][org.springframework.web.servlet.mvc.annotation.DefaultAnnotationHandlerMapping]Mapped URL path [/admin/role/modifyRole] onto handler 'role'
  [INFO] [2016-08-23 16:06:47][org.springframework.web.servlet.mvc.annotation.DefaultAnnotationHandlerMapping]Mapped URL path [/admin/role/modifyRole.*] onto handler 'role'
  [INFO] [2016-08-23 16:06:47][org.springframework.web.servlet.mvc.annotation.DefaultAnnotationHandlerMapping]Mapped URL path [/admin/role/modifyRole/] onto handler 'role'
  [INFO] [2016-08-23 16:06:47][org.springframework.web.servlet.mvc.annotation.DefaultAnnotationHandlerMapping]Mapped URL path [/admin/user/editPassword] onto handler 'userController'
  [INFO] [2016-08-23 16:06:47][org.springframework.web.servlet.mvc.annotation.DefaultAnnotationHandlerMapping]Mapped URL path [/admin/user/editPassword.*] onto handler 'userController'
  [INFO] [2016-08-23 16:06:47][org.springframework.web.servlet.mvc.annotation.DefaultAnnotationHandlerMapping]Mapped URL path [/admin/user/editPassword/] onto handler 'userController'
  [INFO] [2016-08-23 16:06:47][org.springframework.web.servlet.mvc.annotation.DefaultAnnotationHandlerMapping]Mapped URL path [/admin/user/newUser] onto handler 'userController'
  [INFO] [2016-08-23 16:06:47][org.springframework.web.servlet.mvc.annotation.DefaultAnnotationHandlerMapping]Mapped URL path [/admin/user/newUser.*] onto handler 'userController'
  [INFO] [2016-08-23 16:06:47][org.springframework.web.servlet.mvc.annotation.DefaultAnnotationHandlerMapping]Mapped URL path [/admin/user/newUser/] onto handler 'userController'
  [INFO] [2016-08-23 16:06:47][org.springframework.web.servlet.mvc.annotation.DefaultAnnotationHandlerMapping]Mapped URL path [/admin/user/userList] onto handler 'userController'
  [INFO] [2016-08-23 16:06:47][org.springframework.web.servlet.mvc.annotation.DefaultAnnotationHandlerMapping]Mapped URL path [/admin/user/userList.*] onto handler 'userController'
  [INFO] [2016-08-23 16:06:47][org.springframework.web.servlet.mvc.annotation.DefaultAnnotationHandlerMapping]Mapped URL path [/admin/user/userList/] onto handler 'userController'
  [INFO] [2016-08-23 16:06:47][org.springframework.web.servlet.mvc.annotation.DefaultAnnotationHandlerMapping]Mapped URL path [/admin/user/saveUser] onto handler 'userController'
  [INFO] [2016-08-23 16:06:47][org.springframework.web.servlet.mvc.annotation.DefaultAnnotationHandlerMapping]Mapped URL path [/admin/user/saveUser.*] onto handler 'userController'
  [INFO] [2016-08-23 16:06:47][org.springframework.web.servlet.mvc.annotation.DefaultAnnotationHandlerMapping]Mapped URL path [/admin/user/saveUser/] onto handler 'userController'
  [INFO] [2016-08-23 16:06:47][org.springframework.web.servlet.mvc.annotation.DefaultAnnotationHandlerMapping]Mapped URL path [/admin/user/removeUser] onto handler 'userController'
  [INFO] [2016-08-23 16:06:47][org.springframework.web.servlet.mvc.annotation.DefaultAnnotationHandlerMapping]Mapped URL path [/admin/user/removeUser.*] onto handler 'userController'
  [INFO] [2016-08-23 16:06:47][org.springframework.web.servlet.mvc.annotation.DefaultAnnotationHandlerMapping]Mapped URL path [/admin/user/removeUser/] onto handler 'userController'
  [INFO] [2016-08-23 16:06:47][org.springframework.web.servlet.DispatcherServlet]FrameworkServlet 'springServlet': initialization completed in 671 ms
  [INFO] [2016-08-23 16:07:21][org.springframework.beans.factory.xml.XmlBeanDefinitionReader]Loading XML bean definitions from class path resource [org/springframework/jdbc/support/sql-error-codes.xml]
  [INFO] [2016-08-23 16:07:22][org.springframework.jdbc.support.SQLErrorCodesFactory]SQLErrorCodes loaded: [DB2, Derby, H2, HSQL, Informix, MS-SQL, MySQL, Oracle, PostgreSQL, Sybase]
  