[INFO] [2016-08-25 16:28:40][org.springframework.web.context.ContextLoader]Root WebApplicationContext: initialization started
  [INFO] [2016-08-25 16:28:41][org.springframework.web.context.support.XmlWebApplicationContext]Refreshing Root WebApplicationContext: startup date [Thu Aug 25 16:28:41 GMT+08:00 2016]; root of context hierarchy
  [INFO] [2016-08-25 16:28:41][org.springframework.beans.factory.xml.XmlBeanDefinitionReader]Loading XML bean definitions from class path resource [spring-mybatis.xml]
  [INFO] [2016-08-25 16:28:41][org.springframework.beans.factory.config.PropertyPlaceholderConfigurer]Loading properties file from class path resource [jdbc.properties]
  [INFO] [2016-08-25 16:28:41][org.springframework.beans.factory.annotation.AutowiredAnnotationBeanPostProcessor]JSR-330 'javax.inject.Inject' annotation found and supported for autowiring
  [INFO] [2016-08-25 16:28:42][org.springframework.web.context.ContextLoader]Root WebApplicationContext: initialization completed in 1502 ms
  [INFO] [2016-08-25 16:28:42][org.springframework.web.servlet.DispatcherServlet]FrameworkServlet 'springServlet': initialization started
  [INFO] [2016-08-25 16:28:42][org.springframework.web.context.support.XmlWebApplicationContext]Refreshing WebApplicationContext for namespace 'springServlet-servlet': startup date [Thu Aug 25 16:28:42 GMT+08:00 2016]; parent: Root WebApplicationContext
  [INFO] [2016-08-25 16:28:42][org.springframework.beans.factory.xml.XmlBeanDefinitionReader]Loading XML bean definitions from class path resource [spring-mvc.xml]
  [INFO] [2016-08-25 16:28:42][org.springframework.beans.factory.annotation.AutowiredAnnotationBeanPostProcessor]JSR-330 'javax.inject.Inject' annotation found and supported for autowiring
  [INFO] [2016-08-25 16:28:43][org.springframework.web.servlet.mvc.annotation.DefaultAnnotationHandlerMapping]Mapped URL path [/admin/common/checkUnique] onto handler 'common'
  [INFO] [2016-08-25 16:28:43][org.springframework.web.servlet.mvc.annotation.DefaultAnnotationHandlerMapping]Mapped URL path [/admin/common/checkUnique.*] onto handler 'common'
  [INFO] [2016-08-25 16:28:43][org.springframework.web.servlet.mvc.annotation.DefaultAnnotationHandlerMapping]Mapped URL path [/admin/common/checkUnique/] onto handler 'common'
  [INFO] [2016-08-25 16:28:43][org.springframework.web.servlet.mvc.annotation.DefaultAnnotationHandlerMapping]Mapped URL path [/logout] onto handler 'loginController'
  [INFO] [2016-08-25 16:28:43][org.springframework.web.servlet.mvc.annotation.DefaultAnnotationHandlerMapping]Mapped URL path [/logout.*] onto handler 'loginController'
  [INFO] [2016-08-25 16:28:43][org.springframework.web.servlet.mvc.annotation.DefaultAnnotationHandlerMapping]Mapped URL path [/logout/] onto handler 'loginController'
  [INFO] [2016-08-25 16:28:43][org.springframework.web.servlet.mvc.annotation.DefaultAnnotationHandlerMapping]Mapped URL path [/login] onto handler 'loginController'
  [INFO] [2016-08-25 16:28:43][org.springframework.web.servlet.mvc.annotation.DefaultAnnotationHandlerMapping]Mapped URL path [/login.*] onto handler 'loginController'
  [INFO] [2016-08-25 16:28:43][org.springframework.web.servlet.mvc.annotation.DefaultAnnotationHandlerMapping]Mapped URL path [/login/] onto handler 'loginController'
  [INFO] [2016-08-25 16:28:43][org.springframework.web.servlet.mvc.annotation.DefaultAnnotationHandlerMapping]Mapped URL path [/doLogin] onto handler 'loginController'
  [INFO] [2016-08-25 16:28:43][org.springframework.web.servlet.mvc.annotation.DefaultAnnotationHandlerMapping]Mapped URL path [/doLogin.*] onto handler 'loginController'
  [INFO] [2016-08-25 16:28:43][org.springframework.web.servlet.mvc.annotation.DefaultAnnotationHandlerMapping]Mapped URL path [/doLogin/] onto handler 'loginController'
  [INFO] [2016-08-25 16:28:43][org.springframework.web.servlet.mvc.annotation.DefaultAnnotationHandlerMapping]Mapped URL path [/index] onto handler 'loginController'
  [INFO] [2016-08-25 16:28:43][org.springframework.web.servlet.mvc.annotation.DefaultAnnotationHandlerMapping]Mapped URL path [/index.*] onto handler 'loginController'
  [INFO] [2016-08-25 16:28:43][org.springframework.web.servlet.mvc.annotation.DefaultAnnotationHandlerMapping]Mapped URL path [/index/] onto handler 'loginController'
  [INFO] [2016-08-25 16:28:43][org.springframework.web.servlet.mvc.annotation.DefaultAnnotationHandlerMapping]Mapped URL path [/noPermission] onto handler 'loginController'
  [INFO] [2016-08-25 16:28:43][org.springframework.web.servlet.mvc.annotation.DefaultAnnotationHandlerMapping]Mapped URL path [/noPermission.*] onto handler 'loginController'
  [INFO] [2016-08-25 16:28:43][org.springframework.web.servlet.mvc.annotation.DefaultAnnotationHandlerMapping]Mapped URL path [/noPermission/] onto handler 'loginController'
  [INFO] [2016-08-25 16:28:43][org.springframework.web.servlet.mvc.annotation.DefaultAnnotationHandlerMapping]Mapped URL path [/simpleLogin] onto handler 'loginController'
  [INFO] [2016-08-25 16:28:43][org.springframework.web.servlet.mvc.annotation.DefaultAnnotationHandlerMapping]Mapped URL path [/simpleLogin.*] onto handler 'loginController'
  [INFO] [2016-08-25 16:28:43][org.springframework.web.servlet.mvc.annotation.DefaultAnnotationHandlerMapping]Mapped URL path [/simpleLogin/] onto handler 'loginController'
  [INFO] [2016-08-25 16:28:43][org.springframework.web.servlet.mvc.annotation.DefaultAnnotationHandlerMapping]Mapped URL path [/toSimplelogin] onto handler 'loginController'
  [INFO] [2016-08-25 16:28:43][org.springframework.web.servlet.mvc.annotation.DefaultAnnotationHandlerMapping]Mapped URL path [/toSimplelogin.*] onto handler 'loginController'
  [INFO] [2016-08-25 16:28:43][org.springframework.web.servlet.mvc.annotation.DefaultAnnotationHandlerMapping]Mapped URL path [/toSimplelogin/] onto handler 'loginController'
  [INFO] [2016-08-25 16:28:43][org.springframework.web.servlet.mvc.annotation.DefaultAnnotationHandlerMapping]Mapped URL path [/admin/menu/view_index] onto handler 'menu'
  [INFO] [2016-08-25 16:28:43][org.springframework.web.servlet.mvc.annotation.DefaultAnnotationHandlerMapping]Mapped URL path [/admin/menu/view_index.*] onto handler 'menu'
  [INFO] [2016-08-25 16:28:43][org.springframework.web.servlet.mvc.annotation.DefaultAnnotationHandlerMapping]Mapped URL path [/admin/menu/view_index/] onto handler 'menu'
  [INFO] [2016-08-25 16:28:43][org.springframework.web.servlet.mvc.annotation.DefaultAnnotationHandlerMapping]Mapped URL path [/admin/menu/getMenuTreeLookup] onto handler 'menu'
  [INFO] [2016-08-25 16:28:43][org.springframework.web.servlet.mvc.annotation.DefaultAnnotationHandlerMapping]Mapped URL path [/admin/menu/getMenuTreeLookup.*] onto handler 'menu'
  [INFO] [2016-08-25 16:28:43][org.springframework.web.servlet.mvc.annotation.DefaultAnnotationHandlerMapping]Mapped URL path [/admin/menu/getMenuTreeLookup/] onto handler 'menu'
  [INFO] [2016-08-25 16:28:43][org.springframework.web.servlet.mvc.annotation.DefaultAnnotationHandlerMapping]Mapped URL path [/admin/menu/newMenu] onto handler 'menu'
  [INFO] [2016-08-25 16:28:43][org.springframework.web.servlet.mvc.annotation.DefaultAnnotationHandlerMapping]Mapped URL path [/admin/menu/newMenu.*] onto handler 'menu'
  [INFO] [2016-08-25 16:28:43][org.springframework.web.servlet.mvc.annotation.DefaultAnnotationHandlerMapping]Mapped URL path [/admin/menu/newMenu/] onto handler 'menu'
  [INFO] [2016-08-25 16:28:43][org.springframework.web.servlet.mvc.annotation.DefaultAnnotationHandlerMapping]Mapped URL path [/admin/menu/findMenuList] onto handler 'menu'
  [INFO] [2016-08-25 16:28:43][org.springframework.web.servlet.mvc.annotation.DefaultAnnotationHandlerMapping]Mapped URL path [/admin/menu/findMenuList.*] onto handler 'menu'
  [INFO] [2016-08-25 16:28:43][org.springframework.web.servlet.mvc.annotation.DefaultAnnotationHandlerMapping]Mapped URL path [/admin/menu/findMenuList/] onto handler 'menu'
  [INFO] [2016-08-25 16:28:43][org.springframework.web.servlet.mvc.annotation.DefaultAnnotationHandlerMapping]Mapped URL path [/admin/menu/saveMenu] onto handler 'menu'
  [INFO] [2016-08-25 16:28:43][org.springframework.web.servlet.mvc.annotation.DefaultAnnotationHandlerMapping]Mapped URL path [/admin/menu/saveMenu.*] onto handler 'menu'
  [INFO] [2016-08-25 16:28:43][org.springframework.web.servlet.mvc.annotation.DefaultAnnotationHandlerMapping]Mapped URL path [/admin/menu/saveMenu/] onto handler 'menu'
  [INFO] [2016-08-25 16:28:43][org.springframework.web.servlet.mvc.annotation.DefaultAnnotationHandlerMapping]Mapped URL path [/admin/menu/editMenu] onto handler 'menu'
  [INFO] [2016-08-25 16:28:43][org.springframework.web.servlet.mvc.annotation.DefaultAnnotationHandlerMapping]Mapped URL path [/admin/menu/editMenu.*] onto handler 'menu'
  [INFO] [2016-08-25 16:28:43][org.springframework.web.servlet.mvc.annotation.DefaultAnnotationHandlerMapping]Mapped URL path [/admin/menu/editMenu/] onto handler 'menu'
  [INFO] [2016-08-25 16:28:43][org.springframework.web.servlet.mvc.annotation.DefaultAnnotationHandlerMapping]Mapped URL path [/admin/menu/modifyMenu] onto handler 'menu'
  [INFO] [2016-08-25 16:28:43][org.springframework.web.servlet.mvc.annotation.DefaultAnnotationHandlerMapping]Mapped URL path [/admin/menu/modifyMenu.*] onto handler 'menu'
  [INFO] [2016-08-25 16:28:43][org.springframework.web.servlet.mvc.annotation.DefaultAnnotationHandlerMapping]Mapped URL path [/admin/menu/modifyMenu/] onto handler 'menu'
  [INFO] [2016-08-25 16:28:43][org.springframework.web.servlet.mvc.annotation.DefaultAnnotationHandlerMapping]Mapped URL path [/admin/menu/removeMenu] onto handler 'menu'
  [INFO] [2016-08-25 16:28:43][org.springframework.web.servlet.mvc.annotation.DefaultAnnotationHandlerMapping]Mapped URL path [/admin/menu/removeMenu.*] onto handler 'menu'
  [INFO] [2016-08-25 16:28:43][org.springframework.web.servlet.mvc.annotation.DefaultAnnotationHandlerMapping]Mapped URL path [/admin/menu/removeMenu/] onto handler 'menu'
  [INFO] [2016-08-25 16:28:43][org.springframework.web.servlet.mvc.annotation.DefaultAnnotationHandlerMapping]Mapped URL path [/admin/role/removeRole] onto handler 'role'
  [INFO] [2016-08-25 16:28:43][org.springframework.web.servlet.mvc.annotation.DefaultAnnotationHandlerMapping]Mapped URL path [/admin/role/removeRole.*] onto handler 'role'
  [INFO] [2016-08-25 16:28:43][org.springframework.web.servlet.mvc.annotation.DefaultAnnotationHandlerMapping]Mapped URL path [/admin/role/removeRole/] onto handler 'role'
  [INFO] [2016-08-25 16:28:43][org.springframework.web.servlet.mvc.annotation.DefaultAnnotationHandlerMapping]Mapped URL path [/admin/role/checkUnique] onto handler 'role'
  [INFO] [2016-08-25 16:28:43][org.springframework.web.servlet.mvc.annotation.DefaultAnnotationHandlerMapping]Mapped URL path [/admin/role/checkUnique.*] onto handler 'role'
  [INFO] [2016-08-25 16:28:43][org.springframework.web.servlet.mvc.annotation.DefaultAnnotationHandlerMapping]Mapped URL path [/admin/role/checkUnique/] onto handler 'role'
  [INFO] [2016-08-25 16:28:43][org.springframework.web.servlet.mvc.annotation.DefaultAnnotationHandlerMapping]Mapped URL path [/admin/role/newRole] onto handler 'role'
  [INFO] [2016-08-25 16:28:43][org.springframework.web.servlet.mvc.annotation.DefaultAnnotationHandlerMapping]Mapped URL path [/admin/role/newRole.*] onto handler 'role'
  [INFO] [2016-08-25 16:28:43][org.springframework.web.servlet.mvc.annotation.DefaultAnnotationHandlerMapping]Mapped URL path [/admin/role/newRole/] onto handler 'role'
  [INFO] [2016-08-25 16:28:43][org.springframework.web.servlet.mvc.annotation.DefaultAnnotationHandlerMapping]Mapped URL path [/admin/role/findRoleList] onto handler 'role'
  [INFO] [2016-08-25 16:28:43][org.springframework.web.servlet.mvc.annotation.DefaultAnnotationHandlerMapping]Mapped URL path [/admin/role/findRoleList.*] onto handler 'role'
  [INFO] [2016-08-25 16:28:43][org.springframework.web.servlet.mvc.annotation.DefaultAnnotationHandlerMapping]Mapped URL path [/admin/role/findRoleList/] onto handler 'role'
  [INFO] [2016-08-25 16:28:43][org.springframework.web.servlet.mvc.annotation.DefaultAnnotationHandlerMapping]Mapped URL path [/admin/role/saveRole] onto handler 'role'
  [INFO] [2016-08-25 16:28:43][org.springframework.web.servlet.mvc.annotation.DefaultAnnotationHandlerMapping]Mapped URL path [/admin/role/saveRole.*] onto handler 'role'
  [INFO] [2016-08-25 16:28:43][org.springframework.web.servlet.mvc.annotation.DefaultAnnotationHandlerMapping]Mapped URL path [/admin/role/saveRole/] onto handler 'role'
  [INFO] [2016-08-25 16:28:43][org.springframework.web.servlet.mvc.annotation.DefaultAnnotationHandlerMapping]Mapped URL path [/admin/role/editRole] onto handler 'role'
  [INFO] [2016-08-25 16:28:43][org.springframework.web.servlet.mvc.annotation.DefaultAnnotationHandlerMapping]Mapped URL path [/admin/role/editRole.*] onto handler 'role'
  [INFO] [2016-08-25 16:28:43][org.springframework.web.servlet.mvc.annotation.DefaultAnnotationHandlerMapping]Mapped URL path [/admin/role/editRole/] onto handler 'role'
  [INFO] [2016-08-25 16:28:43][org.springframework.web.servlet.mvc.annotation.DefaultAnnotationHandlerMapping]Mapped URL path [/admin/role/modifyRole] onto handler 'role'
  [INFO] [2016-08-25 16:28:43][org.springframework.web.servlet.mvc.annotation.DefaultAnnotationHandlerMapping]Mapped URL path [/admin/role/modifyRole.*] onto handler 'role'
  [INFO] [2016-08-25 16:28:43][org.springframework.web.servlet.mvc.annotation.DefaultAnnotationHandlerMapping]Mapped URL path [/admin/role/modifyRole/] onto handler 'role'
  [INFO] [2016-08-25 16:28:43][org.springframework.web.servlet.mvc.annotation.DefaultAnnotationHandlerMapping]Mapped URL path [/admin/user/editPassword] onto handler 'userController'
  [INFO] [2016-08-25 16:28:43][org.springframework.web.servlet.mvc.annotation.DefaultAnnotationHandlerMapping]Mapped URL path [/admin/user/editPassword.*] onto handler 'userController'
  [INFO] [2016-08-25 16:28:43][org.springframework.web.servlet.mvc.annotation.DefaultAnnotationHandlerMapping]Mapped URL path [/admin/user/editPassword/] onto handler 'userController'
  [INFO] [2016-08-25 16:28:43][org.springframework.web.servlet.mvc.annotation.DefaultAnnotationHandlerMapping]Mapped URL path [/admin/user/userList] onto handler 'userController'
  [INFO] [2016-08-25 16:28:43][org.springframework.web.servlet.mvc.annotation.DefaultAnnotationHandlerMapping]Mapped URL path [/admin/user/userList.*] onto handler 'userController'
  [INFO] [2016-08-25 16:28:43][org.springframework.web.servlet.mvc.annotation.DefaultAnnotationHandlerMapping]Mapped URL path [/admin/user/userList/] onto handler 'userController'
  [INFO] [2016-08-25 16:28:43][org.springframework.web.servlet.mvc.annotation.DefaultAnnotationHandlerMapping]Mapped URL path [/admin/user/deleteUser] onto handler 'userController'
  [INFO] [2016-08-25 16:28:43][org.springframework.web.servlet.mvc.annotation.DefaultAnnotationHandlerMapping]Mapped URL path [/admin/user/deleteUser.*] onto handler 'userController'
  [INFO] [2016-08-25 16:28:43][org.springframework.web.servlet.mvc.annotation.DefaultAnnotationHandlerMapping]Mapped URL path [/admin/user/deleteUser/] onto handler 'userController'
  [INFO] [2016-08-25 16:28:43][org.springframework.web.servlet.DispatcherServlet]FrameworkServlet 'springServlet': initialization completed in 589 ms
  [INFO] [2016-08-25 16:30:29][org.springframework.web.context.ContextLoader]Root WebApplicationContext: initialization started
  [INFO] [2016-08-25 16:30:29][org.springframework.web.context.support.XmlWebApplicationContext]Refreshing Root WebApplicationContext: startup date [Thu Aug 25 16:30:29 GMT+08:00 2016]; root of context hierarchy
  [INFO] [2016-08-25 16:30:29][org.springframework.beans.factory.xml.XmlBeanDefinitionReader]Loading XML bean definitions from class path resource [spring-mybatis.xml]
  [INFO] [2016-08-25 16:30:30][org.springframework.beans.factory.config.PropertyPlaceholderConfigurer]Loading properties file from class path resource [jdbc.properties]
  [INFO] [2016-08-25 16:30:30][org.springframework.beans.factory.annotation.AutowiredAnnotationBeanPostProcessor]JSR-330 'javax.inject.Inject' annotation found and supported for autowiring
  [INFO] [2016-08-25 16:30:31][org.springframework.web.context.ContextLoader]Root WebApplicationContext: initialization completed in 1620 ms
  [INFO] [2016-08-25 16:30:31][org.springframework.web.servlet.DispatcherServlet]FrameworkServlet 'springServlet': initialization started
  [INFO] [2016-08-25 16:30:31][org.springframework.web.context.support.XmlWebApplicationContext]Refreshing WebApplicationContext for namespace 'springServlet-servlet': startup date [Thu Aug 25 16:30:31 GMT+08:00 2016]; parent: Root WebApplicationContext
  [INFO] [2016-08-25 16:30:31][org.springframework.beans.factory.xml.XmlBeanDefinitionReader]Loading XML bean definitions from class path resource [spring-mvc.xml]
  [INFO] [2016-08-25 16:30:31][org.springframework.beans.factory.annotation.AutowiredAnnotationBeanPostProcessor]JSR-330 'javax.inject.Inject' annotation found and supported for autowiring
  [INFO] [2016-08-25 16:30:31][org.springframework.web.servlet.mvc.annotation.DefaultAnnotationHandlerMapping]Mapped URL path [/admin/common/checkUnique] onto handler 'common'
  [INFO] [2016-08-25 16:30:31][org.springframework.web.servlet.mvc.annotation.DefaultAnnotationHandlerMapping]Mapped URL path [/admin/common/checkUnique.*] onto handler 'common'
  [INFO] [2016-08-25 16:30:31][org.springframework.web.servlet.mvc.annotation.DefaultAnnotationHandlerMapping]Mapped URL path [/admin/common/checkUnique/] onto handler 'common'
  [INFO] [2016-08-25 16:30:31][org.springframework.web.servlet.mvc.annotation.DefaultAnnotationHandlerMapping]Mapped URL path [/logout] onto handler 'loginController'
  [INFO] [2016-08-25 16:30:31][org.springframework.web.servlet.mvc.annotation.DefaultAnnotationHandlerMapping]Mapped URL path [/logout.*] onto handler 'loginController'
  [INFO] [2016-08-25 16:30:31][org.springframework.web.servlet.mvc.annotation.DefaultAnnotationHandlerMapping]Mapped URL path [/logout/] onto handler 'loginController'
  [INFO] [2016-08-25 16:30:31][org.springframework.web.servlet.mvc.annotation.DefaultAnnotationHandlerMapping]Mapped URL path [/login] onto handler 'loginController'
  [INFO] [2016-08-25 16:30:31][org.springframework.web.servlet.mvc.annotation.DefaultAnnotationHandlerMapping]Mapped URL path [/login.*] onto handler 'loginController'
  [INFO] [2016-08-25 16:30:31][org.springframework.web.servlet.mvc.annotation.DefaultAnnotationHandlerMapping]Mapped URL path [/login/] onto handler 'loginController'
  [INFO] [2016-08-25 16:30:31][org.springframework.web.servlet.mvc.annotation.DefaultAnnotationHandlerMapping]Mapped URL path [/doLogin] onto handler 'loginController'
  [INFO] [2016-08-25 16:30:31][org.springframework.web.servlet.mvc.annotation.DefaultAnnotationHandlerMapping]Mapped URL path [/doLogin.*] onto handler 'loginController'
  [INFO] [2016-08-25 16:30:31][org.springframework.web.servlet.mvc.annotation.DefaultAnnotationHandlerMapping]Mapped URL path [/doLogin/] onto handler 'loginController'
  [INFO] [2016-08-25 16:30:31][org.springframework.web.servlet.mvc.annotation.DefaultAnnotationHandlerMapping]Mapped URL path [/index] onto handler 'loginController'
  [INFO] [2016-08-25 16:30:31][org.springframework.web.servlet.mvc.annotation.DefaultAnnotationHandlerMapping]Mapped URL path [/index.*] onto handler 'loginController'
  [INFO] [2016-08-25 16:30:31][org.springframework.web.servlet.mvc.annotation.DefaultAnnotationHandlerMapping]Mapped URL path [/index/] onto handler 'loginController'
  [INFO] [2016-08-25 16:30:31][org.springframework.web.servlet.mvc.annotation.DefaultAnnotationHandlerMapping]Mapped URL path [/noPermission] onto handler 'loginController'
  [INFO] [2016-08-25 16:30:31][org.springframework.web.servlet.mvc.annotation.DefaultAnnotationHandlerMapping]Mapped URL path [/noPermission.*] onto handler 'loginController'
  [INFO] [2016-08-25 16:30:31][org.springframework.web.servlet.mvc.annotation.DefaultAnnotationHandlerMapping]Mapped URL path [/noPermission/] onto handler 'loginController'
  [INFO] [2016-08-25 16:30:31][org.springframework.web.servlet.mvc.annotation.DefaultAnnotationHandlerMapping]Mapped URL path [/simpleLogin] onto handler 'loginController'
  [INFO] [2016-08-25 16:30:31][org.springframework.web.servlet.mvc.annotation.DefaultAnnotationHandlerMapping]Mapped URL path [/simpleLogin.*] onto handler 'loginController'
  [INFO] [2016-08-25 16:30:31][org.springframework.web.servlet.mvc.annotation.DefaultAnnotationHandlerMapping]Mapped URL path [/simpleLogin/] onto handler 'loginController'
  [INFO] [2016-08-25 16:30:31][org.springframework.web.servlet.mvc.annotation.DefaultAnnotationHandlerMapping]Mapped URL path [/toSimplelogin] onto handler 'loginController'
  [INFO] [2016-08-25 16:30:31][org.springframework.web.servlet.mvc.annotation.DefaultAnnotationHandlerMapping]Mapped URL path [/toSimplelogin.*] onto handler 'loginController'
  [INFO] [2016-08-25 16:30:31][org.springframework.web.servlet.mvc.annotation.DefaultAnnotationHandlerMapping]Mapped URL path [/toSimplelogin/] onto handler 'loginController'
  [INFO] [2016-08-25 16:30:31][org.springframework.web.servlet.mvc.annotation.DefaultAnnotationHandlerMapping]Mapped URL path [/admin/menu/view_index] onto handler 'menu'
  [INFO] [2016-08-25 16:30:31][org.springframework.web.servlet.mvc.annotation.DefaultAnnotationHandlerMapping]Mapped URL path [/admin/menu/view_index.*] onto handler 'menu'
  [INFO] [2016-08-25 16:30:31][org.springframework.web.servlet.mvc.annotation.DefaultAnnotationHandlerMapping]Mapped URL path [/admin/menu/view_index/] onto handler 'menu'
  [INFO] [2016-08-25 16:30:31][org.springframework.web.servlet.mvc.annotation.DefaultAnnotationHandlerMapping]Mapped URL path [/admin/menu/getMenuTreeLookup] onto handler 'menu'
  [INFO] [2016-08-25 16:30:31][org.springframework.web.servlet.mvc.annotation.DefaultAnnotationHandlerMapping]Mapped URL path [/admin/menu/getMenuTreeLookup.*] onto handler 'menu'
  [INFO] [2016-08-25 16:30:31][org.springframework.web.servlet.mvc.annotation.DefaultAnnotationHandlerMapping]Mapped URL path [/admin/menu/getMenuTreeLookup/] onto handler 'menu'
  [INFO] [2016-08-25 16:30:31][org.springframework.web.servlet.mvc.annotation.DefaultAnnotationHandlerMapping]Mapped URL path [/admin/menu/newMenu] onto handler 'menu'
  [INFO] [2016-08-25 16:30:31][org.springframework.web.servlet.mvc.annotation.DefaultAnnotationHandlerMapping]Mapped URL path [/admin/menu/newMenu.*] onto handler 'menu'
  [INFO] [2016-08-25 16:30:31][org.springframework.web.servlet.mvc.annotation.DefaultAnnotationHandlerMapping]Mapped URL path [/admin/menu/newMenu/] onto handler 'menu'
  [INFO] [2016-08-25 16:30:31][org.springframework.web.servlet.mvc.annotation.DefaultAnnotationHandlerMapping]Mapped URL path [/admin/menu/findMenuList] onto handler 'menu'
  [INFO] [2016-08-25 16:30:31][org.springframework.web.servlet.mvc.annotation.DefaultAnnotationHandlerMapping]Mapped URL path [/admin/menu/findMenuList.*] onto handler 'menu'
  [INFO] [2016-08-25 16:30:31][org.springframework.web.servlet.mvc.annotation.DefaultAnnotationHandlerMapping]Mapped URL path [/admin/menu/findMenuList/] onto handler 'menu'
  [INFO] [2016-08-25 16:30:31][org.springframework.web.servlet.mvc.annotation.DefaultAnnotationHandlerMapping]Mapped URL path [/admin/menu/saveMenu] onto handler 'menu'
  [INFO] [2016-08-25 16:30:31][org.springframework.web.servlet.mvc.annotation.DefaultAnnotationHandlerMapping]Mapped URL path [/admin/menu/saveMenu.*] onto handler 'menu'
  [INFO] [2016-08-25 16:30:31][org.springframework.web.servlet.mvc.annotation.DefaultAnnotationHandlerMapping]Mapped URL path [/admin/menu/saveMenu/] onto handler 'menu'
  [INFO] [2016-08-25 16:30:31][org.springframework.web.servlet.mvc.annotation.DefaultAnnotationHandlerMapping]Mapped URL path [/admin/menu/editMenu] onto handler 'menu'
  [INFO] [2016-08-25 16:30:31][org.springframework.web.servlet.mvc.annotation.DefaultAnnotationHandlerMapping]Mapped URL path [/admin/menu/editMenu.*] onto handler 'menu'
  [INFO] [2016-08-25 16:30:31][org.springframework.web.servlet.mvc.annotation.DefaultAnnotationHandlerMapping]Mapped URL path [/admin/menu/editMenu/] onto handler 'menu'
  [INFO] [2016-08-25 16:30:31][org.springframework.web.servlet.mvc.annotation.DefaultAnnotationHandlerMapping]Mapped URL path [/admin/menu/modifyMenu] onto handler 'menu'
  [INFO] [2016-08-25 16:30:31][org.springframework.web.servlet.mvc.annotation.DefaultAnnotationHandlerMapping]Mapped URL path [/admin/menu/modifyMenu.*] onto handler 'menu'
  [INFO] [2016-08-25 16:30:31][org.springframework.web.servlet.mvc.annotation.DefaultAnnotationHandlerMapping]Mapped URL path [/admin/menu/modifyMenu/] onto handler 'menu'
  [INFO] [2016-08-25 16:30:31][org.springframework.web.servlet.mvc.annotation.DefaultAnnotationHandlerMapping]Mapped URL path [/admin/menu/removeMenu] onto handler 'menu'
  [INFO] [2016-08-25 16:30:31][org.springframework.web.servlet.mvc.annotation.DefaultAnnotationHandlerMapping]Mapped URL path [/admin/menu/removeMenu.*] onto handler 'menu'
  [INFO] [2016-08-25 16:30:31][org.springframework.web.servlet.mvc.annotation.DefaultAnnotationHandlerMapping]Mapped URL path [/admin/menu/removeMenu/] onto handler 'menu'
  [INFO] [2016-08-25 16:30:31][org.springframework.web.servlet.mvc.annotation.DefaultAnnotationHandlerMapping]Mapped URL path [/admin/role/removeRole] onto handler 'role'
  [INFO] [2016-08-25 16:30:31][org.springframework.web.servlet.mvc.annotation.DefaultAnnotationHandlerMapping]Mapped URL path [/admin/role/removeRole.*] onto handler 'role'
  [INFO] [2016-08-25 16:30:31][org.springframework.web.servlet.mvc.annotation.DefaultAnnotationHandlerMapping]Mapped URL path [/admin/role/removeRole/] onto handler 'role'
  [INFO] [2016-08-25 16:30:31][org.springframework.web.servlet.mvc.annotation.DefaultAnnotationHandlerMapping]Mapped URL path [/admin/role/checkUnique] onto handler 'role'
  [INFO] [2016-08-25 16:30:31][org.springframework.web.servlet.mvc.annotation.DefaultAnnotationHandlerMapping]Mapped URL path [/admin/role/checkUnique.*] onto handler 'role'
  [INFO] [2016-08-25 16:30:31][org.springframework.web.servlet.mvc.annotation.DefaultAnnotationHandlerMapping]Mapped URL path [/admin/role/checkUnique/] onto handler 'role'
  [INFO] [2016-08-25 16:30:31][org.springframework.web.servlet.mvc.annotation.DefaultAnnotationHandlerMapping]Mapped URL path [/admin/role/newRole] onto handler 'role'
  [INFO] [2016-08-25 16:30:31][org.springframework.web.servlet.mvc.annotation.DefaultAnnotationHandlerMapping]Mapped URL path [/admin/role/newRole.*] onto handler 'role'
  [INFO] [2016-08-25 16:30:31][org.springframework.web.servlet.mvc.annotation.DefaultAnnotationHandlerMapping]Mapped URL path [/admin/role/newRole/] onto handler 'role'
  [INFO] [2016-08-25 16:30:31][org.springframework.web.servlet.mvc.annotation.DefaultAnnotationHandlerMapping]Mapped URL path [/admin/role/findRoleList] onto handler 'role'
  [INFO] [2016-08-25 16:30:31][org.springframework.web.servlet.mvc.annotation.DefaultAnnotationHandlerMapping]Mapped URL path [/admin/role/findRoleList.*] onto handler 'role'
  [INFO] [2016-08-25 16:30:31][org.springframework.web.servlet.mvc.annotation.DefaultAnnotationHandlerMapping]Mapped URL path [/admin/role/findRoleList/] onto handler 'role'
  [INFO] [2016-08-25 16:30:31][org.springframework.web.servlet.mvc.annotation.DefaultAnnotationHandlerMapping]Mapped URL path [/admin/role/saveRole] onto handler 'role'
  [INFO] [2016-08-25 16:30:31][org.springframework.web.servlet.mvc.annotation.DefaultAnnotationHandlerMapping]Mapped URL path [/admin/role/saveRole.*] onto handler 'role'
  [INFO] [2016-08-25 16:30:31][org.springframework.web.servlet.mvc.annotation.DefaultAnnotationHandlerMapping]Mapped URL path [/admin/role/saveRole/] onto handler 'role'
  [INFO] [2016-08-25 16:30:31][org.springframework.web.servlet.mvc.annotation.DefaultAnnotationHandlerMapping]Mapped URL path [/admin/role/editRole] onto handler 'role'
  [INFO] [2016-08-25 16:30:31][org.springframework.web.servlet.mvc.annotation.DefaultAnnotationHandlerMapping]Mapped URL path [/admin/role/editRole.*] onto handler 'role'
  [INFO] [2016-08-25 16:30:31][org.springframework.web.servlet.mvc.annotation.DefaultAnnotationHandlerMapping]Mapped URL path [/admin/role/editRole/] onto handler 'role'
  [INFO] [2016-08-25 16:30:31][org.springframework.web.servlet.mvc.annotation.DefaultAnnotationHandlerMapping]Mapped URL path [/admin/role/modifyRole] onto handler 'role'
  [INFO] [2016-08-25 16:30:31][org.springframework.web.servlet.mvc.annotation.DefaultAnnotationHandlerMapping]Mapped URL path [/admin/role/modifyRole.*] onto handler 'role'
  [INFO] [2016-08-25 16:30:31][org.springframework.web.servlet.mvc.annotation.DefaultAnnotationHandlerMapping]Mapped URL path [/admin/role/modifyRole/] onto handler 'role'
  [INFO] [2016-08-25 16:30:31][org.springframework.web.servlet.mvc.annotation.DefaultAnnotationHandlerMapping]Mapped URL path [/admin/user/editPassword] onto handler 'userController'
  [INFO] [2016-08-25 16:30:31][org.springframework.web.servlet.mvc.annotation.DefaultAnnotationHandlerMapping]Mapped URL path [/admin/user/editPassword.*] onto handler 'userController'
  [INFO] [2016-08-25 16:30:31][org.springframework.web.servlet.mvc.annotation.DefaultAnnotationHandlerMapping]Mapped URL path [/admin/user/editPassword/] onto handler 'userController'
  [INFO] [2016-08-25 16:30:31][org.springframework.web.servlet.mvc.annotation.DefaultAnnotationHandlerMapping]Mapped URL path [/admin/user/userList] onto handler 'userController'
  [INFO] [2016-08-25 16:30:31][org.springframework.web.servlet.mvc.annotation.DefaultAnnotationHandlerMapping]Mapped URL path [/admin/user/userList.*] onto handler 'userController'
  [INFO] [2016-08-25 16:30:31][org.springframework.web.servlet.mvc.annotation.DefaultAnnotationHandlerMapping]Mapped URL path [/admin/user/userList/] onto handler 'userController'
  [INFO] [2016-08-25 16:30:31][org.springframework.web.servlet.mvc.annotation.DefaultAnnotationHandlerMapping]Mapped URL path [/admin/user/deleteUser] onto handler 'userController'
  [INFO] [2016-08-25 16:30:31][org.springframework.web.servlet.mvc.annotation.DefaultAnnotationHandlerMapping]Mapped URL path [/admin/user/deleteUser.*] onto handler 'userController'
  [INFO] [2016-08-25 16:30:31][org.springframework.web.servlet.mvc.annotation.DefaultAnnotationHandlerMapping]Mapped URL path [/admin/user/deleteUser/] onto handler 'userController'
  [INFO] [2016-08-25 16:30:31][org.springframework.web.servlet.DispatcherServlet]FrameworkServlet 'springServlet': initialization completed in 592 ms
  [INFO] [2016-08-25 16:31:56][org.springframework.web.context.ContextLoader]Root WebApplicationContext: initialization started
  [INFO] [2016-08-25 16:31:56][org.springframework.web.context.support.XmlWebApplicationContext]Refreshing Root WebApplicationContext: startup date [Thu Aug 25 16:31:56 GMT+08:00 2016]; root of context hierarchy
  [INFO] [2016-08-25 16:31:56][org.springframework.beans.factory.xml.XmlBeanDefinitionReader]Loading XML bean definitions from class path resource [spring-mybatis.xml]
  [INFO] [2016-08-25 16:31:56][org.springframework.beans.factory.config.PropertyPlaceholderConfigurer]Loading properties file from class path resource [jdbc.properties]
  [INFO] [2016-08-25 16:31:56][org.springframework.beans.factory.annotation.AutowiredAnnotationBeanPostProcessor]JSR-330 'javax.inject.Inject' annotation found and supported for autowiring
  [INFO] [2016-08-25 16:31:57][org.springframework.web.context.ContextLoader]Root WebApplicationContext: initialization completed in 1604 ms
  [INFO] [2016-08-25 16:31:57][org.springframework.web.servlet.DispatcherServlet]FrameworkServlet 'springServlet': initialization started
  [INFO] [2016-08-25 16:31:57][org.springframework.web.context.support.XmlWebApplicationContext]Refreshing WebApplicationContext for namespace 'springServlet-servlet': startup date [Thu Aug 25 16:31:57 GMT+08:00 2016]; parent: Root WebApplicationContext
  [INFO] [2016-08-25 16:31:57][org.springframework.beans.factory.xml.XmlBeanDefinitionReader]Loading XML bean definitions from class path resource [spring-mvc.xml]
  [INFO] [2016-08-25 16:31:58][org.springframework.beans.factory.annotation.AutowiredAnnotationBeanPostProcessor]JSR-330 'javax.inject.Inject' annotation found and supported for autowiring
  [INFO] [2016-08-25 16:31:58][org.springframework.web.servlet.mvc.annotation.DefaultAnnotationHandlerMapping]Mapped URL path [/admin/common/checkUnique] onto handler 'common'
  [INFO] [2016-08-25 16:31:58][org.springframework.web.servlet.mvc.annotation.DefaultAnnotationHandlerMapping]Mapped URL path [/admin/common/checkUnique.*] onto handler 'common'
  [INFO] [2016-08-25 16:31:58][org.springframework.web.servlet.mvc.annotation.DefaultAnnotationHandlerMapping]Mapped URL path [/admin/common/checkUnique/] onto handler 'common'
  [INFO] [2016-08-25 16:31:58][org.springframework.web.servlet.mvc.annotation.DefaultAnnotationHandlerMapping]Mapped URL path [/login] onto handler 'loginController'
  [INFO] [2016-08-25 16:31:58][org.springframework.web.servlet.mvc.annotation.DefaultAnnotationHandlerMapping]Mapped URL path [/login.*] onto handler 'loginController'
  [INFO] [2016-08-25 16:31:58][org.springframework.web.servlet.mvc.annotation.DefaultAnnotationHandlerMapping]Mapped URL path [/login/] onto handler 'loginController'
  [INFO] [2016-08-25 16:31:58][org.springframework.web.servlet.mvc.annotation.DefaultAnnotationHandlerMapping]Mapped URL path [/doLogin] onto handler 'loginController'
  [INFO] [2016-08-25 16:31:58][org.springframework.web.servlet.mvc.annotation.DefaultAnnotationHandlerMapping]Mapped URL path [/doLogin.*] onto handler 'loginController'
  [INFO] [2016-08-25 16:31:58][org.springframework.web.servlet.mvc.annotation.DefaultAnnotationHandlerMapping]Mapped URL path [/doLogin/] onto handler 'loginController'
  [INFO] [2016-08-25 16:31:58][org.springframework.web.servlet.mvc.annotation.DefaultAnnotationHandlerMapping]Mapped URL path [/index] onto handler 'loginController'
  [INFO] [2016-08-25 16:31:58][org.springframework.web.servlet.mvc.annotation.DefaultAnnotationHandlerMapping]Mapped URL path [/index.*] onto handler 'loginController'
  [INFO] [2016-08-25 16:31:58][org.springframework.web.servlet.mvc.annotation.DefaultAnnotationHandlerMapping]Mapped URL path [/index/] onto handler 'loginController'
  [INFO] [2016-08-25 16:31:58][org.springframework.web.servlet.mvc.annotation.DefaultAnnotationHandlerMapping]Mapped URL path [/noPermission] onto handler 'loginController'
  [INFO] [2016-08-25 16:31:58][org.springframework.web.servlet.mvc.annotation.DefaultAnnotationHandlerMapping]Mapped URL path [/noPermission.*] onto handler 'loginController'
  [INFO] [2016-08-25 16:31:58][org.springframework.web.servlet.mvc.annotation.DefaultAnnotationHandlerMapping]Mapped URL path [/noPermission/] onto handler 'loginController'
  [INFO] [2016-08-25 16:31:58][org.springframework.web.servlet.mvc.annotation.DefaultAnnotationHandlerMapping]Mapped URL path [/simpleLogin] onto handler 'loginController'
  [INFO] [2016-08-25 16:31:58][org.springframework.web.servlet.mvc.annotation.DefaultAnnotationHandlerMapping]Mapped URL path [/simpleLogin.*] onto handler 'loginController'
  [INFO] [2016-08-25 16:31:58][org.springframework.web.servlet.mvc.annotation.DefaultAnnotationHandlerMapping]Mapped URL path [/simpleLogin/] onto handler 'loginController'
  [INFO] [2016-08-25 16:31:58][org.springframework.web.servlet.mvc.annotation.DefaultAnnotationHandlerMapping]Mapped URL path [/toSimplelogin] onto handler 'loginController'
  [INFO] [2016-08-25 16:31:58][org.springframework.web.servlet.mvc.annotation.DefaultAnnotationHandlerMapping]Mapped URL path [/toSimplelogin.*] onto handler 'loginController'
  [INFO] [2016-08-25 16:31:58][org.springframework.web.servlet.mvc.annotation.DefaultAnnotationHandlerMapping]Mapped URL path [/toSimplelogin/] onto handler 'loginController'
  [INFO] [2016-08-25 16:31:58][org.springframework.web.servlet.mvc.annotation.DefaultAnnotationHandlerMapping]Mapped URL path [/logout] onto handler 'loginController'
  [INFO] [2016-08-25 16:31:58][org.springframework.web.servlet.mvc.annotation.DefaultAnnotationHandlerMapping]Mapped URL path [/logout.*] onto handler 'loginController'
  [INFO] [2016-08-25 16:31:58][org.springframework.web.servlet.mvc.annotation.DefaultAnnotationHandlerMapping]Mapped URL path [/logout/] onto handler 'loginController'
  [INFO] [2016-08-25 16:31:58][org.springframework.web.servlet.mvc.annotation.DefaultAnnotationHandlerMapping]Mapped URL path [/admin/menu/newMenu] onto handler 'menu'
  [INFO] [2016-08-25 16:31:58][org.springframework.web.servlet.mvc.annotation.DefaultAnnotationHandlerMapping]Mapped URL path [/admin/menu/newMenu.*] onto handler 'menu'
  [INFO] [2016-08-25 16:31:58][org.springframework.web.servlet.mvc.annotation.DefaultAnnotationHandlerMapping]Mapped URL path [/admin/menu/newMenu/] onto handler 'menu'
  [INFO] [2016-08-25 16:31:58][org.springframework.web.servlet.mvc.annotation.DefaultAnnotationHandlerMapping]Mapped URL path [/admin/menu/findMenuList] onto handler 'menu'
  [INFO] [2016-08-25 16:31:58][org.springframework.web.servlet.mvc.annotation.DefaultAnnotationHandlerMapping]Mapped URL path [/admin/menu/findMenuList.*] onto handler 'menu'
  [INFO] [2016-08-25 16:31:58][org.springframework.web.servlet.mvc.annotation.DefaultAnnotationHandlerMapping]Mapped URL path [/admin/menu/findMenuList/] onto handler 'menu'
  [INFO] [2016-08-25 16:31:58][org.springframework.web.servlet.mvc.annotation.DefaultAnnotationHandlerMapping]Mapped URL path [/admin/menu/saveMenu] onto handler 'menu'
  [INFO] [2016-08-25 16:31:58][org.springframework.web.servlet.mvc.annotation.DefaultAnnotationHandlerMapping]Mapped URL path [/admin/menu/saveMenu.*] onto handler 'menu'
  [INFO] [2016-08-25 16:31:58][org.springframework.web.servlet.mvc.annotation.DefaultAnnotationHandlerMapping]Mapped URL path [/admin/menu/saveMenu/] onto handler 'menu'
  [INFO] [2016-08-25 16:31:58][org.springframework.web.servlet.mvc.annotation.DefaultAnnotationHandlerMapping]Mapped URL path [/admin/menu/editMenu] onto handler 'menu'
  [INFO] [2016-08-25 16:31:58][org.springframework.web.servlet.mvc.annotation.DefaultAnnotationHandlerMapping]Mapped URL path [/admin/menu/editMenu.*] onto handler 'menu'
  [INFO] [2016-08-25 16:31:58][org.springframework.web.servlet.mvc.annotation.DefaultAnnotationHandlerMapping]Mapped URL path [/admin/menu/editMenu/] onto handler 'menu'
  [INFO] [2016-08-25 16:31:58][org.springframework.web.servlet.mvc.annotation.DefaultAnnotationHandlerMapping]Mapped URL path [/admin/menu/modifyMenu] onto handler 'menu'
  [INFO] [2016-08-25 16:31:58][org.springframework.web.servlet.mvc.annotation.DefaultAnnotationHandlerMapping]Mapped URL path [/admin/menu/modifyMenu.*] onto handler 'menu'
  [INFO] [2016-08-25 16:31:58][org.springframework.web.servlet.mvc.annotation.DefaultAnnotationHandlerMapping]Mapped URL path [/admin/menu/modifyMenu/] onto handler 'menu'
  [INFO] [2016-08-25 16:31:58][org.springframework.web.servlet.mvc.annotation.DefaultAnnotationHandlerMapping]Mapped URL path [/admin/menu/removeMenu] onto handler 'menu'
  [INFO] [2016-08-25 16:31:58][org.springframework.web.servlet.mvc.annotation.DefaultAnnotationHandlerMapping]Mapped URL path [/admin/menu/removeMenu.*] onto handler 'menu'
  [INFO] [2016-08-25 16:31:58][org.springframework.web.servlet.mvc.annotation.DefaultAnnotationHandlerMapping]Mapped URL path [/admin/menu/removeMenu/] onto handler 'menu'
  [INFO] [2016-08-25 16:31:58][org.springframework.web.servlet.mvc.annotation.DefaultAnnotationHandlerMapping]Mapped URL path [/admin/menu/view_index] onto handler 'menu'
  [INFO] [2016-08-25 16:31:58][org.springframework.web.servlet.mvc.annotation.DefaultAnnotationHandlerMapping]Mapped URL path [/admin/menu/view_index.*] onto handler 'menu'
  [INFO] [2016-08-25 16:31:58][org.springframework.web.servlet.mvc.annotation.DefaultAnnotationHandlerMapping]Mapped URL path [/admin/menu/view_index/] onto handler 'menu'
  [INFO] [2016-08-25 16:31:58][org.springframework.web.servlet.mvc.annotation.DefaultAnnotationHandlerMapping]Mapped URL path [/admin/menu/getMenuTreeLookup] onto handler 'menu'
  [INFO] [2016-08-25 16:31:58][org.springframework.web.servlet.mvc.annotation.DefaultAnnotationHandlerMapping]Mapped URL path [/admin/menu/getMenuTreeLookup.*] onto handler 'menu'
  [INFO] [2016-08-25 16:31:58][org.springframework.web.servlet.mvc.annotation.DefaultAnnotationHandlerMapping]Mapped URL path [/admin/menu/getMenuTreeLookup/] onto handler 'menu'
  [INFO] [2016-08-25 16:31:58][org.springframework.web.servlet.mvc.annotation.DefaultAnnotationHandlerMapping]Mapped URL path [/admin/role/checkUnique] onto handler 'role'
  [INFO] [2016-08-25 16:31:58][org.springframework.web.servlet.mvc.annotation.DefaultAnnotationHandlerMapping]Mapped URL path [/admin/role/checkUnique.*] onto handler 'role'
  [INFO] [2016-08-25 16:31:58][org.springframework.web.servlet.mvc.annotation.DefaultAnnotationHandlerMapping]Mapped URL path [/admin/role/checkUnique/] onto handler 'role'
  [INFO] [2016-08-25 16:31:58][org.springframework.web.servlet.mvc.annotation.DefaultAnnotationHandlerMapping]Mapped URL path [/admin/role/newRole] onto handler 'role'
  [INFO] [2016-08-25 16:31:58][org.springframework.web.servlet.mvc.annotation.DefaultAnnotationHandlerMapping]Mapped URL path [/admin/role/newRole.*] onto handler 'role'
  [INFO] [2016-08-25 16:31:58][org.springframework.web.servlet.mvc.annotation.DefaultAnnotationHandlerMapping]Mapped URL path [/admin/role/newRole/] onto handler 'role'
  [INFO] [2016-08-25 16:31:58][org.springframework.web.servlet.mvc.annotation.DefaultAnnotationHandlerMapping]Mapped URL path [/admin/role/findRoleList] onto handler 'role'
  [INFO] [2016-08-25 16:31:58][org.springframework.web.servlet.mvc.annotation.DefaultAnnotationHandlerMapping]Mapped URL path [/admin/role/findRoleList.*] onto handler 'role'
  [INFO] [2016-08-25 16:31:58][org.springframework.web.servlet.mvc.annotation.DefaultAnnotationHandlerMapping]Mapped URL path [/admin/role/findRoleList/] onto handler 'role'
  [INFO] [2016-08-25 16:31:58][org.springframework.web.servlet.mvc.annotation.DefaultAnnotationHandlerMapping]Mapped URL path [/admin/role/removeRole] onto handler 'role'
  [INFO] [2016-08-25 16:31:58][org.springframework.web.servlet.mvc.annotation.DefaultAnnotationHandlerMapping]Mapped URL path [/admin/role/removeRole.*] onto handler 'role'
  [INFO] [2016-08-25 16:31:58][org.springframework.web.servlet.mvc.annotation.DefaultAnnotationHandlerMapping]Mapped URL path [/admin/role/removeRole/] onto handler 'role'
  [INFO] [2016-08-25 16:31:58][org.springframework.web.servlet.mvc.annotation.DefaultAnnotationHandlerMapping]Mapped URL path [/admin/role/saveRole] onto handler 'role'
  [INFO] [2016-08-25 16:31:58][org.springframework.web.servlet.mvc.annotation.DefaultAnnotationHandlerMapping]Mapped URL path [/admin/role/saveRole.*] onto handler 'role'
  [INFO] [2016-08-25 16:31:58][org.springframework.web.servlet.mvc.annotation.DefaultAnnotationHandlerMapping]Mapped URL path [/admin/role/saveRole/] onto handler 'role'
  [INFO] [2016-08-25 16:31:58][org.springframework.web.servlet.mvc.annotation.DefaultAnnotationHandlerMapping]Mapped URL path [/admin/role/editRole] onto handler 'role'
  [INFO] [2016-08-25 16:31:58][org.springframework.web.servlet.mvc.annotation.DefaultAnnotationHandlerMapping]Mapped URL path [/admin/role/editRole.*] onto handler 'role'
  [INFO] [2016-08-25 16:31:58][org.springframework.web.servlet.mvc.annotation.DefaultAnnotationHandlerMapping]Mapped URL path [/admin/role/editRole/] onto handler 'role'
  [INFO] [2016-08-25 16:31:58][org.springframework.web.servlet.mvc.annotation.DefaultAnnotationHandlerMapping]Mapped URL path [/admin/role/modifyRole] onto handler 'role'
  [INFO] [2016-08-25 16:31:58][org.springframework.web.servlet.mvc.annotation.DefaultAnnotationHandlerMapping]Mapped URL path [/admin/role/modifyRole.*] onto handler 'role'
  [INFO] [2016-08-25 16:31:58][org.springframework.web.servlet.mvc.annotation.DefaultAnnotationHandlerMapping]Mapped URL path [/admin/role/modifyRole/] onto handler 'role'
  [INFO] [2016-08-25 16:31:58][org.springframework.web.servlet.mvc.annotation.DefaultAnnotationHandlerMapping]Mapped URL path [/admin/user/editPassword] onto handler 'userController'
  [INFO] [2016-08-25 16:31:58][org.springframework.web.servlet.mvc.annotation.DefaultAnnotationHandlerMapping]Mapped URL path [/admin/user/editPassword.*] onto handler 'userController'
  [INFO] [2016-08-25 16:31:58][org.springframework.web.servlet.mvc.annotation.DefaultAnnotationHandlerMapping]Mapped URL path [/admin/user/editPassword/] onto handler 'userController'
  [INFO] [2016-08-25 16:31:58][org.springframework.web.servlet.mvc.annotation.DefaultAnnotationHandlerMapping]Mapped URL path [/admin/user/userList] onto handler 'userController'
  [INFO] [2016-08-25 16:31:58][org.springframework.web.servlet.mvc.annotation.DefaultAnnotationHandlerMapping]Mapped URL path [/admin/user/userList.*] onto handler 'userController'
  [INFO] [2016-08-25 16:31:58][org.springframework.web.servlet.mvc.annotation.DefaultAnnotationHandlerMapping]Mapped URL path [/admin/user/userList/] onto handler 'userController'
  [INFO] [2016-08-25 16:31:58][org.springframework.web.servlet.mvc.annotation.DefaultAnnotationHandlerMapping]Mapped URL path [/admin/user/deleteUser] onto handler 'userController'
  [INFO] [2016-08-25 16:31:58][org.springframework.web.servlet.mvc.annotation.DefaultAnnotationHandlerMapping]Mapped URL path [/admin/user/deleteUser.*] onto handler 'userController'
  [INFO] [2016-08-25 16:31:58][org.springframework.web.servlet.mvc.annotation.DefaultAnnotationHandlerMapping]Mapped URL path [/admin/user/deleteUser/] onto handler 'userController'
  [INFO] [2016-08-25 16:31:58][org.springframework.web.servlet.DispatcherServlet]FrameworkServlet 'springServlet': initialization completed in 578 ms
  